0.407281 113
5.664642 1
0.841326 4
1.211661 1
1.158303 1
0.370318 1
0.209153 1
0.590381 1
0.079073 1
0.133443 1
0.450273 4
0.091227 1
0.502663 1
0.218823 1
1.378466 1
0.281382 1
0.408581 1
0.141087 1
0.029701 1
0.219611 1
0.230782 1
0.170934 1
0.229268 1
0.561243 1
0.082733 1
0.257375 1
3.551597 1
0.081872 1
0.291568 1
0.147527 1
0.161562 1
0.188526 1
0.119554 1
0.164962 1
0.209364 1
0.389638 1
1.080827 1
0.639271 1
0.430178 1
2.218921 1
0.058315 1
0.174285 1
0.167619 1
0.114408 1
0.166493 1
0.251822 1
0.117239 1
1.557028 2
0.001333 113
4.230240 1
0.742592 1
0.361405 1
0.558935 1
0.059851 1
1.059971 4
0.218991 4
0.253546 4
0.166634 4
0.352564 4
1.061739 1
1.669988 1
0.692262 1
0.539101 1
0.191802 1
0.549768 1
0.892950 1
0.082573 1
0.053686 1
0.147567 1
0.188643 1
0.361233 1
0.140086 1
0.599503 1
0.225320 1
0.360151 1
0.078916 1
0.221393 1
0.264133 1
0.068796 1
0.297924 1
0.243420 1
1.404980 1
0.314348 2
0.000377 113
6.700761 1
0.190380 1
0.289467 1
0.100111 1
0.411489 1
0.139430 1
0.842124 1
0.119768 1
0.289785 1
0.420350 1
0.083982 1
0.189326 1
0.431351 1
0.087514 1
0.192055 1
0.201050 1
0.229045 1
0.681820 1
0.179345 1
0.259864 1
0.348965 4
0.232662 4
0.169002 4
0.380009 1
0.189998 1
0.141405 1
2.223510 4
0.500617 4
0.030650 4
0.031355 4
0.027974 4
0.032506 4
0.028424 4
0.030436 4
0.029738 4
0.030861 4
0.031228 4
1.047502 4
0.569741 4
0.740982 4
0.290213 4
0.833427 1
0.188397 1
0.801145 1
0.377869 1
0.105554 1
0.256623 1
0.178941 1
0.170019 1
1.081040 1
0.168691 1
0.111414 1
0.142674 1
0.150399 1
0.468733 1
0.179510 1
0.147013 1
0.248349 2
0.113324 24
0.014324 113
20.780082 1
0.103045 1
0.118297 1
0.090337 1
0.630208 1
0.222008 1
0.100842 1
1.092814 2
0.006546 8
0.000484 1049
0.000087 145
1.848482 11
0.002244 113
4.501709 1
1.089379 1
0.400638 1
1.389939 1
0.459257 1
0.277830 1
0.465188 4
0.070524 1
0.129607 1
0.843267 1
0.093727 1
0.218188 1
0.110013 1
0.209054 1
0.343747 1
0.150172 1
0.122198 1
0.257168 1
0.095502 1
0.118869 1
0.290064 1
0.169536 1
0.500522 1
0.084842 1
0.320456 1
0.261752 1
0.931517 1
0.169390 1
0.129357 1
0.183819 1
0.129753 1
0.607729 1
0.265117 1
0.260755 1
0.241050 1
0.599420 4
0.119548 1
0.168655 1
0.032067 1
0.150147 1
0.238738 1
0.073475 1
0.180166 1
0.073509 1
0.176044 1
0.132713 1
0.388034 4
0.091222 1
0.143732 1
0.840239 2
0.001764 113
3.746537 1
0.108395 1
0.364069 1
0.689361 4
0.195006 4
0.190366 4
0.840539 1
0.638609 4
0.410454 1
1.460649 1
0.312269 1
0.889351 1
0.097051 1
0.510497 1
0.079956 1
0.199436 1
0.241075 1
0.061752 1
0.129245 1
0.520397 4
0.260087 1
0.050404 1
0.169458 1
0.738162 1
0.097886 1
0.126454 1
0.119376 1
0.680402 1
0.282717 1
0.120003 1
0.155920 1
0.175723 1
0.079787 1
0.723899 1
0.668731 2
0.001736 113
0.705912 1
0.142889 1
0.099506 1
0.129319 1
0.200913 1
0.218862 1
0.099650 1
0.181134 1
0.180949 1
0.060630 1
0.449528 2
0.006599 19
0.000098 27
0.000041 103
0.000055 63
0.000051 118
0.000981 113
2.200719 1
0.095138 1
0.170866 1
0.248350 1
0.810480 2
0.230630 2
0.000018 51
0.000011 49
0.000025 56
0.000011 50
0.000009 2
0.000021 57
0.009363 113
13.905695 1
0.561594 1
0.208957 1
0.637566 4
0.174027 4
0.229206 4
0.449422 1
0.671630 4
0.479294 1
0.354227 1
0.198703 1
0.330712 1
0.093964 1
0.228925 1
0.149459 1
0.757208 1
0.183504 1
0.280474 1
0.089722 1
0.268521 1
0.120085 1
0.153446 1
0.399803 1
0.093259 1
0.126794 1
0.129374 1
0.235228 1
0.189607 1
0.099627 1
0.641732 1
0.141083 1
0.059375 1
0.300618 1
0.858496 2
0.107317 25
0.016226 113
4.353583 1
0.499793 4
0.092522 1
0.159569 1
0.038894 1
0.291021 1
0.500609 4
0.199190 4
0.168764 4
0.512402 1
0.095282 1
0.176091 1
0.168648 1
0.453373 4
0.379765 4
0.330258 4
0.171195 4
0.870974 1
0.278852 1
0.190897 1
1.010563 1
0.660718 1
0.219022 1
0.019457 1
0.581014 4
0.191988 1
0.469603 4
0.159235 1
0.214826 4
0.188748 4
0.109986 1
0.747214 1
0.515728 1
2.859720 2
0.003660 113
5.122743 1
0.079913 1
0.159045 1
0.049248 1
0.396445 1
0.069269 1
0.429733 1
0.183547 1
0.099149 1
0.129881 1
0.220589 1
2.870089 1
0.621122 4
0.790747 1
0.361477 1
0.369883 1
0.960127 1
0.239855 1
0.812831 4
0.279229 1
0.202369 1
0.452761 1
0.188653 1
0.039992 1
0.250863 1
0.084429 1
2.141401 1
0.238704 1
0.210995 1
0.198546 1
0.522068 4
0.500691 4
0.028644 4
0.174944 4
0.628048 1
0.079639 1
0.243393 1
0.207211 1
0.094221 1
0.208838 1
0.101646 1
0.108968 1
0.120417 1
0.380880 4
0.211655 4
0.179297 4
0.258093 4
0.153435 1
0.139086 1
0.149550 1
0.039581 1
0.251696 1
0.361093 1
0.639542 1
0.248521 1
0.038906 1
0.105476 1
0.828431 1
0.370445 4
0.082363 1
0.359662 1
0.109888 1
1.120090 1
0.142171 1
0.099328 1
0.209008 1
1.637248 1
0.407906 1
0.550607 1
0.522904 1
0.430800 1
0.257770 1
0.200912 1
0.200740 1
0.188888 1
0.108542 1
0.242689 1
0.320011 1
0.368326 1
0.111404 1
0.260421 1
0.129784 1
0.140988 1
0.228872 1
0.621414 1
0.141621 1
0.227611 1
0.149966 1
0.431122 1
1.052097 1
0.560114 1
0.592694 1
0.622178 1
0.039495 1
0.181142 1
0.191892 1
0.139459 1
0.618643 1
0.553294 1
0.355096 1
0.351759 1
0.589781 1
0.198894 1
0.499630 1
0.593474 4
0.199537 4
0.451897 1
0.911412 1
0.079892 1
0.227749 1
0.105823 1
0.246510 1
0.291266 1
1.472392 1
1.542340 4
0.658163 1
0.333356 2
0.032328 91
0.000119 155
0.001077 113
14.891910 1
1.250889 1
0.330171 1
0.402101 1
0.258543 1
0.179376 1
0.180799 1
0.129366 1
0.311239 1
0.079599 1
0.129784 1
0.049672 1
0.171594 1
0.210025 1
0.622971 1
0.162493 1
0.543104 1
0.080322 1
0.399926 1
0.103700 1
0.678318 1
0.114700 1
0.236601 1
0.140223 1
0.191919 1
0.090969 1
0.379979 4
0.141243 4
0.208915 4
0.184263 1
0.639243 4
0.258854 1
0.063030 1
0.129910 1
0.598909 1
0.093214 1
0.128344 1
0.155601 1
0.169938 1
5.165547 1
0.078468 1
0.220170 1
1.031531 1
0.069392 1
0.232858 1
0.418373 4
0.101236 1
0.130197 1
0.759140 1
0.085301 1
0.146267 1
0.050034 1
2.155055 1
0.242358 1
0.279666 1
0.029505 1
0.180654 1
0.312452 1
0.429569 1
0.117413 1
0.942603 1
0.120323 1
0.119395 1
0.200959 1
0.360085 1
0.099728 1
0.112598 1
0.259221 1
0.074250 1
0.151810 1
0.179141 1
0.760137 4
0.331384 1
0.109746 1
0.041452 1
0.991783 4
0.238254 4
0.199747 4
1.233320 1
0.248496 1
0.061835 1
0.428541 4
0.204039 4
0.069362 1
0.142907 1
0.536789 1
0.842760 2
0.001678 113
1.269983 1
0.172689 1
0.113137 2
0.003761 367
0.001835 113
6.696025 1
0.770906 4
2.416162 1
0.831722 1
0.984812 4
1.323059 1
0.612865 1
0.151462 1
0.208774 1
0.572471 1
0.696806 1
0.077055 1
0.075997 1
0.176614 1
0.186309 1
0.321466 1
0.458640 1
0.059260 1
0.156194 1
0.348479 1
0.104149 1
0.111636 1
0.218399 1
0.121450 1
0.865623 4
0.134126 4
0.661992 4
0.206532 4
0.173030 4
0.480746 1
0.681246 1
0.079536 1
0.069580 1
0.262806 1
0.107765 1
0.236570 1
0.069385 1
0.129867 1
0.123352 1
0.607578 1
1.799648 10
0.221234 4
0.152813 6
0.579891 15
0.602446 5
0.450828 9
0.199419 33
0.163980 3
0.346262 2
0.000778 113
4.993799 1
1.140934 1
0.278675 1
0.281638 1
0.139096 1
0.270884 1
0.801128 1
0.076254 1
0.126321 1
0.229216 1
0.132238 1
0.192420 1
0.787191 1
0.138192 1
0.197400 1
0.158749 1
0.181676 1
0.208879 1
0.333898 1
0.402502 1
0.258863 1
0.843037 1
0.117630 1
0.243939 1
0.169295 1
0.459882 1
0.080645 1
0.070196 1
0.243068 1
0.093114 1
0.156385 1
0.070032 1
0.101751 1
0.180064 1
0.290300 2
0.000859 113
2.643844 1
0.089380 1
0.140068 1
0.651721 1
0.080198 1
0.228686 1
0.094740 1
0.542952 4
0.209016 4
0.188905 4
0.194207 4
0.479430 1
0.228736 1
0.293602 1
0.049472 1
0.199153 1
0.059479 1
0.840125 4
0.161175 4
0.142279 1
0.124057 1
0.274466 1
3.126848 4
0.621203 9
0.770554 19
0.079781 19
0.460877 19
0.549176 23
0.178883 23
0.302689 19
0.288712 19
0.149713 2
0.005542 113
1.877242 1
0.111837 1
0.238793 1
0.089308 1
0.401958 4
0.219481 4
1.604920 1
0.079426 1
0.090779 1
0.252015 1
0.121645 1
0.752693 2
0.225329 30
0.011042 113
20.530979 7
0.242369 19
0.149193 71
0.228705 63
0.291281 32
0.248699 66
0.561344 224
0.847749 10
0.512584 156
0.370194 34
0.332276 32
0.229295 14
0.149254 34
0.211143 62
0.442920 52
0.380392 28
0.179550 44
0.198997 63
0.175578 49
0.196420 9
0.149280 12
0.200728 15
0.189253 44
0.179698 59
0.181759 54
0.158817 31
0.189734 25
0.160769 57
0.169163 43
0.170168 134
0.161984 216
0.439827 233
0.208872 178
0.575044 134
1.131988 216
0.631581 140
0.348788 37
0.261068 56
0.801337 52
0.308017 56
0.199202 41
0.502840 9
0.030087 45
0.032442 49
0.028379 56
0.031435 227
0.029916 160
0.369127 112
0.378775 160
0.499362 112
0.030841 199
0.030543 59
0.028015 46
0.031363 48
0.031382 13
0.522498 38
0.248890 52
0.191015 40
0.190700 76
0.169236 233
0.200843 178
0.259264 46
0.440714 57
0.260679 21
0.258708 35
0.199406 54
0.212826 55
0.189337 46
0.220863 11
0.238733 16
0.222641 13
0.210243 46
0.230718 68
0.259026 48
0.262386 33
0.229869 49
0.240486 67
0.289376 39
0.341210 34
0.500669 62
0.029905 52
0.031246 28
0.030134 44
0.030596 63
0.031073 49
0.030844 9
0.029512 12
0.030532 15
0.030645 44
0.029901 59
0.032708 54
0.028749 31
0.031268 25
0.031301 57
0.030908 43
0.029121 134
0.031340 216
0.030334 140
0.029850 37
0.028885 56
0.030780 41
0.030958 9
0.028578 45
0.032167 49
0.030618 56
0.029615 227
0.030318 160
0.031946 112
0.028061 198
0.648804 161
0.449483 63
0.500109 227
0.030164 160
0.032057 112
0.029346 199
0.029546 59
0.360846 46
0.270221 48
0.280558 13
0.502071 38
0.348751 52
0.241348 40
0.210909 76
0.179034 233
0.198768 178
0.361709 46
0.310158 57
0.239085 21
0.331843 35
0.249028 54
0.220278 55
0.219365 46
0.230628 11
0.241687 16
0.221345 13
0.248279 46
0.234967 68
0.268287 48
0.231256 33
0.499801 49
0.030242 67
0.029712 39
0.029410 18
0.249413 29
0.500660 39
0.029257 89
0.031293 205
0.031667 141
0.029193 29
0.281484 59
0.310441 71
0.497829 23
0.030153 10
0.032380 1
0.030748 1
0.030476 1
0.030036 1
0.031061 1
0.536340 7
0.634053 10
3.158844 1
1.323952 1
0.187836 1
0.200694 1
0.529125 1
0.054369 1
0.119639 1
1.218730 1
0.083823 1
0.067712 1
0.320267 1
0.150271 1
0.131928 1
0.480026 1
0.109338 1
0.179153 1
0.202924 1
0.208448 1
0.280875 1
0.258521 1
0.382035 4
0.170809 4
0.181535 1
0.189035 1
0.542707 1
0.599735 1
0.048702 1
0.184230 1
0.827528 1
0.112517 1
0.168606 1
0.669135 1
0.351592 1
0.089937 1
0.079496 1
0.232665 1
0.028388 1
1.231605 2
0.001763 113
3.402897 1
0.903087 1
0.074991 1
0.169414 1
0.198916 1
0.316362 1
0.558898 4
0.229013 1
0.129326 1
0.077350 1
0.086589 1
0.189625 1
0.460178 2
0.001050 113
2.352167 1
0.058867 1
0.130877 1
0.280795 1
0.092942 1
0.156467 1
0.094982 1
0.189675 1
0.039339 1
9.965582 76
3.838137 3
0.500033 7
0.028410 3
0.031372 3
0.029720 5
0.029682 6
0.031000 4
0.031029 6
0.030137 6
0.029696 5
0.029804 3
0.030770 8
0.030354 9
0.030653 17
0.527240 3
0.211119 3
0.159568 3
0.182737 3
0.159117 3
0.185939 3
0.193958 3
0.170238 3
0.168709 3
0.455650 157
0.188043 157
0.159279 157
0.159028 157
0.175778 157
0.179669 157
0.174651 157
0.306030 157
0.157594 157
0.833726 153
0.059645 153
0.512464 153
1.028987 21
0.501215 27
0.030038 24
0.030751 9
0.030952 15
0.029532 18
0.031607 18
0.030429 12
0.029397 18
0.031037 15
0.030187 9
0.031384 9
0.032046 21
0.028960 12
0.865062 1
0.477576 1
1.370116 1
0.071455 1
0.524213 1
0.178690 1
0.089884 1
0.149462 1
0.083457 1
0.129375 1
0.079756 1
2.501182 1
5.431432 10
0.499789 4
0.029501 7
0.031718 3
0.028884 3
0.030468 5
0.030546 6
0.031587 4
0.031448 6
0.028387 6
0.031264 5
0.029961 3
0.030995 8
0.030006 9
0.030743 8
0.029885 3
0.920425 5
0.057810 5
0.229711 5
0.116087 5
0.612044 2
0.004753 213
0.001381 113
12.337421 1
0.091234 1
1.131413 1
0.341267 1
0.078932 1
0.160686 1
0.689074 7
0.439925 2
0.005253 113
5.254257 13
0.600550 10
0.581241 124
0.751566 10
0.499639 4
0.030080 7
0.031368 3
0.028922 3
0.030430 5
0.031220 6
0.030571 4
0.029628 6
0.030590 6
0.030037 5
0.030485 3
0.335364 8
0.235263 9
0.178393 8
0.189891 3
0.449271 6
0.728307 2
0.755869 5
0.499973 5
0.026880 5
0.034489 5
0.026228 1
0.633161 2
0.004287 113
4.992193 1
1.021094 4
0.941417 1
0.989855 1
0.048949 1
0.130260 1
0.129485 1
0.243190 2
0.001250 113
2.710949 1
0.090953 1
0.112904 1
0.139131 1
0.340319 1
0.228803 1
0.089665 1
0.172246 1
0.159049 1
0.069586 1
0.209066 2
0.007471 19
0.000054 111
0.000040 97
0.000076 43
0.000096 172
0.000026 2
0.000034 69
0.001907 113
10.126518 1
0.238750 1
0.242791 1
0.539395 1
0.153182 1
0.066242 1
0.423330 1
0.119465 1
0.162178 1
1.593347 3
0.190299 3
0.149870 3
1.267999 5
0.941792 3
0.393878 3
0.170186 9
0.161344 9
0.560242 5
0.110733 3
0.267125 5
0.351064 3
0.502631 3
0.159788 3
0.210770 3
0.157253 5
0.333466 3
0.340476 3
0.305783 5
0.683614 4
0.451784 3
0.240972 5
2.834176 3
0.407879 3
0.409890 3
0.213217 3
0.567548 5
0.888191 3
0.953226 7
0.680233 3
0.529407 7
0.340832 3
0.439704 7
0.740564 3
1.023090 5
0.765969 5
0.038288 5
0.191806 5
0.479458 5
0.471117 9
0.330022 9
0.928161 4
0.650922 1
0.520172 2
0.001532 113
2.405037 1
0.089254 1
0.129386 1
0.109648 1
0.271453 1
0.403257 1
0.159350 1
0.039623 1
0.252161 1
0.482529 2
0.010929 113
3.535557 1
0.109798 1
0.108813 1
0.130584 1
0.302169 1
0.109006 1
0.080015 1
1.133163 1
0.079600 1
0.129263 1
1.378613 1
1.051892 1
0.290455 1
1.219129 4
0.210207 1
0.412317 1
1.746306 1
0.641282 1
0.119346 1
0.079708 1
0.273077 1
0.050740 1
0.193580 1
0.258685 1
0.099716 1
0.422138 1
0.170029 1
0.112913 1
0.149627 1
0.140180 1
0.177368 1
0.179221 1
0.199330 1
0.140552 1
0.562815 4
0.139517 1
0.140283 1
2.225295 1
0.079344 1
0.340653 1
0.308280 1
0.141155 1
0.378033 1
0.138445 1
0.215899 1
0.020094 1
0.804979 1
0.449723 1
0.119567 1
0.069378 1
0.178707 1
0.137286 1
0.186421 1
0.719518 1
0.082262 1
0.079905 1
0.298953 1
0.399747 1
0.239700 1
0.201232 1
0.230944 1
0.840326 1
0.510199 4
0.049792 1
0.124950 1
0.671431 1
0.149056 1
0.193676 1
0.114082 1
2.137669 1
0.261112 1
0.129301 1
0.110216 1
0.119490 1
2.147649 1
0.218982 1
0.221050 1
0.799106 1
0.201084 1
0.159394 1
1.844146 1
0.761447 1
0.932524 4
0.218897 4
1.225863 1
0.109087 1
0.060110 1
0.190372 1
0.251522 1
0.693901 1
0.539267 1
0.368325 1
0.124241 1
1.019024 4
0.241898 1
0.079530 1
0.131872 1
0.259177 1
0.390997 1
1.022616 1
0.059163 1
0.119924 1
0.131369 1
0.139356 1
0.169020 1
0.243721 1
0.658257 1
1.534469 2
0.012490 98
0.001784 129
0.000971 113
6.954045 1
0.320585 1
0.951368 4
0.219009 4
1.121455 1
0.522558 4
0.350229 1
2.191269 1
0.314880 1
1.212881 1
0.358248 1
0.583175 1
0.181313 1
0.288590 1
0.191909 1
0.238972 1
0.459629 1
0.119249 1
0.152676 1
0.558755 1
0.083198 1
0.478118 1
0.139560 1
0.210924 1
1.240718 1
0.079551 1
0.097725 1
0.175805 1
0.192443 1
0.121213 1
0.179465 1
0.412590 1
0.096488 1
0.182034 1
0.529829 1
0.161884 1
0.090144 1
0.430364 1
0.369426 1
0.122801 1
0.138402 1
0.261365 1
0.130234 1
0.423033 1
0.358100 1
0.171293 1
0.268689 2
0.001465 113
5.129892 1
1.180390 1
0.459711 1
0.410910 1
0.559753 1
0.069443 1
0.802826 1
0.179442 1
0.102780 1
0.270486 1
0.150441 1
0.509432 4
0.159074 4
0.134121 1
0.246567 1
0.161815 1
0.360542 1
0.242175 1
0.038249 1
0.153988 1
0.176453 1
0.241094 1
0.113422 1
2.224997 1
0.260642 1
0.429898 1
0.083732 1
0.057532 1
0.175519 1
0.179077 1
0.900822 1
0.191069 1
0.158435 1
0.111281 1
0.159168 1
0.671626 1
0.091289 1
0.554517 4
0.228928 1
0.310975 1
0.218296 1
0.161273 1
0.112835 1
0.129084 1
0.039179 1
0.179825 1
0.231144 1
0.434152 1
0.028712 1
0.179146 1
0.272045 1
0.079412 1
0.170132 1
0.150481 1
0.162147 1
8.201248 1
0.112919 1
0.120376 1
0.139515 1
0.129359 1
0.333025 1
0.390312 4
0.049129 1
0.149846 1
0.802015 1
0.119397 1
0.392527 1
0.399698 1
0.029312 1
0.179868 1
0.292780 1
0.070705 1
0.451797 1
0.338636 1
0.244862 1
1.665802 1
0.223502 1
0.459887 4
0.278682 1
0.099947 1
0.472210 4
0.089815 1
1.372675 2
0.001338 113
6.848229 1
0.661155 1
0.841844 1
0.237761 1
0.202032 1
1.384848 1
0.279769 1
0.420804 1
0.201121 1
0.192429 1
0.188985 1
0.096929 1
0.103887 1
0.850618 1
0.038178 1
0.371971 1
0.231917 1
0.248887 1
0.310550 1
1.476351 1
0.079790 1
0.069546 1
0.121533 1
0.151420 1
0.792859 1
0.093750 1
0.119065 1
0.081113 1
0.169062 1
0.089672 1
0.203130 1
0.618626 2
0.001213 113
7.241305 1
0.950819 1
0.812782 1
0.189861 1
0.382621 1
0.129536 1
0.125977 1
0.518760 4
0.189322 4
0.059700 1
0.091001 1
0.122557 1
0.512409 1
0.070800 1
0.160311 1
0.170686 1
0.171890 1
0.209688 1
0.105031 1
0.070389 1
0.180386 1
2.485731 1
0.093280 1
0.136970 1
0.093730 1
1.210870 1
0.199334 1
1.085586 1
0.197448 1
0.129748 1
0.252911 1
0.509979 1
0.611043 1
0.400753 1
0.104923 1
0.147205 1
1.020752 1
0.174642 1
0.089392 1
0.278894 1
0.623437 1
0.189651 1
1.072261 1
0.170902 1
0.483409 1
0.259008 1
0.201324 1
6.017920 2
0.001516 113
3.574414 1
0.099771 1
0.159202 1
0.111220 1
1.643808 1
0.048847 1
0.220038 1
0.180633 1
0.209176 1
0.293943 1
0.401153 1
0.209580 1
0.502810 1
0.113846 1
0.304653 1
0.231534 1
0.902237 1
3.278870 4
0.499811 4
0.028396 4
0.032926 4
0.027357 4
0.031351 4
0.031526 4
0.030239 4
0.030201 4
0.029823 4
0.031115 4
0.030424 4
0.030812 4
0.029107 4
0.029841 4
0.955725 1
0.602150 1
0.298453 1
0.183087 1
0.059188 1
2.147478 1
5.067089 1
2.301111 1
0.219018 1
0.110352 1
0.222078 1
0.159342 1
0.130969 2
0.005826 25
0.001812 220
0.000099 2
0.000070 213
0.000090 219
0.000023 167
0.000053 183
0.000042 55
24.564767 28
0.001554 113
15.102833 1
2.325050 1
0.342510 1
0.209249 1
0.210408 1
0.329796 1
0.060047 1
0.311572 1
0.029276 1
0.170164 1
0.170868 1
0.169796 1
0.581774 1
0.210727 1
0.190453 1
0.089679 1
0.713776 1
1.593898 4
0.449886 1
0.751559 2
0.569371 4
0.332761 1
1.151668 1
0.230903 1
0.601892 1
0.430350 1
0.149269 1
0.059402 1
0.173600 1
0.122662 1
0.196703 1
0.890637 1
0.149644 1
0.220891 1
0.571626 1
0.208947 1
0.181359 1
0.406527 1
0.605742 1
0.079626 1
0.483485 1
0.069718 1
0.300675 1
0.238849 1
0.093090 1
0.200500 1
0.718845 1
0.199699 1
0.420549 1
0.081539 1
0.258791 1
0.090901 1
0.366053 1
0.169455 1
0.161231 1
1.371031 1
0.213622 1
0.128930 1
0.180058 1
0.200994 1
2.320661 1
0.341546 1
0.200434 1
0.169418 1
0.129407 1
0.693846 4
0.059704 1
0.139596 1
2.943801 1
0.299314 1
0.069617 1
0.132344 1
0.298873 1
0.111379 1
0.139691 1
0.103517 1
0.128036 1
0.126136 1
0.626757 1
0.218733 1
0.333788 1
0.059201 1
0.231073 1
0.169743 1
0.120138 1
0.200546 1
0.502317 1
0.482013 1
0.028817 1
0.182599 1
0.250376 1
0.100039 1
0.278491 1
0.060831 1
0.411845 4
0.201588 1
0.002256 4
0.158061 1
0.361641 4
0.190412 4
0.149257 4
0.039284 1
0.106014 1
0.440537 4
0.188563 4
0.310257 1
0.060241 1
0.189017 1
0.159196 1
0.142852 1
0.080312 1
0.133108 1
0.156326 1
0.211348 1
0.209167 1
0.102694 1
0.179701 1
0.298988 1
0.441876 4
0.202674 1
0.130016 1
0.321746 4
0.190464 4
0.179364 4
0.073978 1
0.069810 1
2.478305 2
0.001370 113
2.761102 1
0.120397 1
0.624082 1
0.318641 1
0.052846 1
0.159327 1
0.089243 1
0.190801 1
0.093033 1
1.469096 9
0.655922 27
0.555879 4
0.500295 4
0.031089 4
0.030424 4
0.030562 4
0.029899 4
0.030917 4
0.029816 4
0.028998 4
0.031015 1
0.030262 1
1.271741 1
0.103300 1
0.126668 1
0.123016 1
0.222712 1
0.300309 1
0.129407 1
0.160266 1
0.020033 1
0.901899 4
0.955797 1
0.682616 4
0.321474 1
0.925014 2
0.007967 113
1.575593 1
0.090747 1
0.132552 1
0.159222 1
8.466993 4
0.220017 4
0.182297 4
0.208793 4
1.455474 1
0.119300 1
0.122499 1
0.140330 1
0.219241 1
0.285771 1
0.089190 1
0.163550 1
0.129305 1
0.048972 1
0.172013 2
0.005833 118
0.000062 46
0.001348 113
17.377843 1
1.110798 1
0.123243 1
55.392642 1
1.217320 4
0.500304 4
0.028903 4
0.032391 4
0.030119 1
0.031552 1
0.028331 1
0.031940 1
0.030339 1
0.029874 1
0.464412 1
0.508847 1
0.368619 1
0.051734 1
0.140146 1
0.070328 1
0.163319 1
0.067137 1
0.108651 1
0.086372 1
0.200054 1
0.846159 4
0.188984 4
0.182624 4
0.178905 4
0.169370 4
0.564589 1
0.072483 1
0.452195 1
0.181245 1
0.218972 1
0.664331 1
0.109642 1
0.160470 1
0.192363 1
0.621942 1
0.609752 4
0.253810 1
1.424541 1
0.996645 1
0.510863 1
0.031264 1
0.202733 1
0.660313 4
0.204896 4
0.177082 4
0.274318 1
0.168986 1
0.444814 1
0.258957 1
0.192544 1
0.713338 1
0.099633 1
0.191994 1
0.258753 1
0.343840 1
0.069467 1
0.139998 1
0.149856 1
0.126221 1
0.126494 1
0.885334 4
0.159019 4
0.492864 1
0.340355 1
0.093877 1
1.283538 4
1.269475 1
0.182350 1
0.819550 1
0.181270 1
0.208674 1
0.089822 1
0.213107 1
0.219471 1
0.129090 1
0.171266 1
0.380673 1
0.082894 1
0.200638 1
0.209157 1
0.310678 1
0.263697 1
0.053279 1
0.183794 1
1.184277 1
0.771582 4
0.069083 1
0.162019 1
0.198046 1
0.394331 1
0.080498 1
0.113700 1
0.267922 1
0.188641 1
0.373644 1
0.348714 1
0.237287 1
0.192709 1
0.154489 1
1.328656 1
0.480004 4
0.302938 1
0.390533 1
0.348258 1
0.431810 1
0.089850 1
0.582215 1
0.255079 1
3.504311 1
0.341800 1
0.628282 1
0.080754 1
0.171942 1
0.126663 1
0.146453 1
0.320659 1
0.621779 1
0.030114 1
0.249102 1
0.171462 1
0.431919 1
0.199092 1
0.489532 1
0.099892 1
0.109214 1
0.183535 1
0.238602 1
0.121577 1
0.168058 1
1.163454 1
0.164305 1
0.388299 1
0.323786 1
0.689919 4
0.261991 1
0.078369 1
0.189292 1
0.173088 1
5.658621 1
0.149029 1
0.232194 1
0.782536 1
0.149115 3
1.284294 441
0.270170 2
0.473472 7
0.278201 18
0.607311 440
0.498676 5
0.028695 5
0.032015 5
0.030560 5
0.028680 5
0.204917 5
0.828237 5
0.066291 5
0.134379 5
0.142552 5
0.130746 5
0.142386 5
7.871961 421
1.272283 423
5.798543 424
0.200304 427
0.139117 430
0.342696 435
0.901546 8
1.079865 5
0.570044 5
0.669081 5
1.738364 2
0.001435 113
9.784202 1
0.654207 4
0.368465 1
4.681754 1
0.741699 1
0.419524 1
0.149861 1
0.183218 1
0.120841 1
0.269435 1
0.181288 1
0.248643 1
0.172525 1
0.239482 1
0.038586 1
0.231947 1
0.129675 1
0.661457 1
0.059141 1
0.510974 2
0.000878 113
4.581736 1
0.089892 1
0.189376 1
0.173107 1
0.219689 1
0.219437 1
0.260835 1
0.402781 1
0.123204 1
0.096770 1
0.153140 1
0.259332 1
0.272892 2
0.033388 36
0.001899 39
0.001599 113
10.228293 1
0.191498 1
0.248703 1
0.341569 1
0.027947 1
0.121486 1
1.032193 1
0.211131 1
0.911185 1
0.111497 1
0.159289 1
0.542571 1
0.049477 1
0.370892 1
0.179778 1
0.038950 1
0.171691 1
0.839398 1
0.096498 1
0.305651 1
0.963986 3
0.179451 6
0.160878 3
0.159275 5
0.171555 3
1.343546 5
1.115242 115
1.120756 1
0.028920 1
0.210797 1
0.002077 1
0.821776 1
0.240059 1
0.050358 1
1.150022 4
0.496927 4
0.029591 4
0.031912 4
0.030053 4
0.029338 4
0.031310 4
0.809215 1
0.072624 1
0.127222 1
0.090292 1
0.222382 1
0.199202 1
0.109426 1
0.201231 1
0.880271 1
0.371017 1
0.672949 4
0.190549 4
0.462044 1
0.592327 4
0.382141 1
0.729729 1
0.202197 1
0.068449 1
0.140391 1
0.521021 1
0.183182 2
0.004527 25
0.000757 220
0.000099 215
0.000032 219
0.000050 167
0.000073 183
0.000067 55
10.764191 28
0.002471 113
4.619251 1
0.091436 1
0.139465 1
0.109757 1
1.012346 4
0.184488 4
0.099736 1
0.138671 1
1.990674 1
0.071363 1
0.201338 1
0.179262 1
0.149333 1
0.431940 1
0.609218 1
0.214009 1
0.870306 1
0.301536 1
0.089065 1
0.470412 1
0.222239 1
0.509253 1
0.229282 1
4.660622 6
0.700893 5
0.460838 15
1.692790 5
3.832083 42
1.350455 2
0.007432 69
0.000217 21
0.001556 113
3.427352 1
0.048121 1
0.160394 1
0.039152 1
0.251352 1
0.368655 1
0.125531 1
0.163738 1
0.185224 1
0.100535 1
0.231979 2
0.005690 225
0.000024 2
0.000029 43
0.000011 46
0.000011 27
0.000012 78
0.000029 92
0.001120 113
6.644417 1
0.242121 1
0.238431 1
0.321713 1
0.063482 1
0.146259 1
0.121361 1
3.077717 2
0.115051 25
0.015968 113
6.834047 1
0.103714 1
0.490014 1
0.109472 1
0.569540 4
0.212685 4
0.179625 4
0.439997 4
0.922348 1
1.353837 1
0.638969 4
0.249422 1
0.070191 1
0.083461 1
0.149918 1
0.668805 1
0.071078 1
0.162906 1
0.349267 1
0.041485 1
0.290631 1
0.253576 1
0.113783 1
0.304718 1
1.575834 1
0.103191 1
0.156698 1
1.541713 1
0.184109 1
0.169426 1
0.123619 1
0.187765 1
0.089580 1
0.761536 2
0.001475 113
5.610180 1
0.159662 1
0.099373 1
0.110746 1
1.001604 1
0.450171 1
0.093671 1
0.521730 4
0.191243 4
0.562193 1
0.129172 1
0.136748 1
0.144459 1
0.300476 1
0.314014 6
0.387877 2
0.025627 68
0.000017 6
0.000576 63
0.000103 42
0.000586 3
0.000009 172
0.000120 6
0.000009 61
0.000007 29
0.000018 219
0.000024 253
0.000233 4
0.000008 36
0.000007 46
0.000015 33
1.751479 6
0.000087 8
0.000061 25
0.001499 16
0.000236 27
1.022152 6
0.000046 13
0.350516 6
0.000102 16
1.533558 6
0.000194 13
0.802618 6
0.000127 13
0.079683 6
0.000099 13
0.040384 6
0.000141 13
0.249571 6
0.000135 13
0.030156 6
0.000118 13
0.241872 6
0.000180 13
0.120618 6
0.000088 13
0.142972 6
0.000162 13
0.179019 6
0.000164 13
0.913161 6
0.000285 13
2.887383 6
0.000232 23
0.000066 87
0.000057 41
0.000024 38
0.000018 42
0.000049 42
0.000038 37
0.000133 171
0.000047 20
0.778370 6
0.000249 1
0.000039 11
0.000689 33
0.000378 45
0.000289 8
0.000034 30
0.000189 220
0.000095 302
1.098957 6
0.000528 18
0.000043 44
0.002307 113
2.567365 16
1.121545 39
0.343219 33
0.487408 17
0.360457 61
0.372717 157
0.306407 2
0.005905 130
0.000015 97
0.000046 80
0.000010 46
0.000021 69
0.001417 113
5.826202 1
0.852517 1
0.069331 1
0.242051 1
0.109661 1
0.219175 2
0.001427 113
1.649560 1
1.144064 1
0.080057 1
0.151549 1
0.072190 1
0.239309 2
0.001329 113
